[0mCompiling "main.js" from ["src"]...
notifying browser that file changed:  out/goog/deps.js
notifying browser that file changed:  out/cljs_deps.js
notifying browser that file changed:  out/scheje_website/core.js
[32mSuccessfully compiled "main.js" in 0.259 seconds.[0m
[0mCompiling "main.js" from ["src"]...
notifying browser that file changed:  out/scheje_website/core.js
[32mSuccessfully compiled "main.js" in 0.13 seconds.[0m
[0mCompiling "main.js" from ["src"]...
notifying browser that file changed:  out/goog/deps.js
notifying browser that file changed:  out/cljs_deps.js
notifying browser that file changed:  out/scheje_website/core.js
[32mSuccessfully compiled "main.js" in 0.213 seconds.[0m
[0mCompiling "out/scheje_repl.js" from ["src"]...
notifying browser that file changed:  out/goog/deps.js
notifying browser that file changed:  out/cljs_deps.js
notifying browser that file changed:  out/scheje_website/core.js
[32mSuccessfully compiled "out/scheje_repl.js" in 0.211 seconds.[0m
[0mCompiling "out/scheje_repl.js" from ["src"]...
notifying browser that file changed:  out/scheje_website/core.js
[32mSuccessfully compiled "out/scheje_repl.js" in 0.106 seconds.[0m
[0mCompiling "out/scheje_repl.js" from ["src"]...
notifying browser that file changed:  out/scheje_website/core.js
[32mSuccessfully compiled "out/scheje_repl.js" in 0.098 seconds.[0m
[0mCompiling "out/scheje_repl.js" from ["src"]...
[31mCompiling "out/scheje_repl.js" failed.
[0mANALYSIS ERROR: Unknown dot form of (. nil - nil) with classification [:cljs.analyzer/error :cljs.analyzer/property ()] at line 21 src/scheje_website/core.cljs on file src/scheje_website/core.cljs, line 21, column 7
[32mSuccessfully compiled "out/scheje_repl.js" in 0.083 seconds.[0m
[0mCompiling "out/scheje_repl.js" from ["src"]...
notifying browser that file changed:  out/scheje_website/core.js
[32mSuccessfully compiled "out/scheje_repl.js" in 0.095 seconds.[0m
[0mCompiling "out/scheje_repl.js" from ["src"]...
notifying browser that file changed:  out/scheje_website/core.js
[32mSuccessfully compiled "out/scheje_repl.js" in 0.108 seconds.[0m
[0mCompiling "out/scheje_repl.js" from ["src"]...
notifying browser that file changed:  out/scheje_website/core.js
[32mSuccessfully compiled "out/scheje_repl.js" in 0.135 seconds.[0m
[0mCompiling "out/scheje_repl.js" from ["src"]...
notifying browser that file changed:  out/scheje_website/core.js
[32mSuccessfully compiled "out/scheje_repl.js" in 0.149 seconds.[0m
[0mCompiling "out/scheje_repl.js" from ["src"]...
notifying browser that file changed:  out/scheje_website/core.js
[32mSuccessfully compiled "out/scheje_repl.js" in 0.105 seconds.[0m
[0mCompiling "out/scheje_repl.js" from ["src"]...
notifying browser that file changed:  out/scheje_website/core.js
[32mSuccessfully compiled "out/scheje_repl.js" in 0.102 seconds.[0m
[0mCompiling "out/scheje_repl.js" from ["src"]...
notifying browser that file changed:  out/scheje_website/core.js
[32mSuccessfully compiled "out/scheje_repl.js" in 0.098 seconds.[0m
[0mCompiling "out/scheje_repl.js" from ["src"]...
notifying browser that file changed:  out/scheje_website/core.js
[32mSuccessfully compiled "out/scheje_repl.js" in 0.207 seconds.[0m
[0mCompiling "out/scheje_repl.js" from ["src"]...
notifying browser that file changed:  out/scheje_website/core.js
[32mSuccessfully compiled "out/scheje_repl.js" in 0.254 seconds.[0m
[0mCompiling "out/scheje_repl.js" from ["src"]...
WARNING: Use of undeclared Var scheje-website.core/changes at line 20 src/scheje_website/core.cljs
notifying browser that file changed:  out/scheje_website/core.js
[32mSuccessfully compiled "out/scheje_repl.js" in 0.14 seconds.[0m
[0mCompiling "out/scheje_repl.js" from ["src"]...
WARNING: Use of undeclared Var scheje-website.core/changes at line 20 src/scheje_website/core.cljs
notifying browser that file changed:  out/scheje_website/core.js
[32mSuccessfully compiled "out/scheje_repl.js" in 0.1 seconds.[0m
[0mCompiling "out/scheje_repl.js" from ["src"]...
notifying browser that file changed:  out/scheje_website/core.js
[32mSuccessfully compiled "out/scheje_repl.js" in 0.097 seconds.[0m
[0mCompiling "out/scheje_repl.js" from ["src"]...
notifying browser that file changed:  out/scheje_website/core.js
[32mSuccessfully compiled "out/scheje_repl.js" in 0.089 seconds.[0m
[0mCompiling "out/scheje_repl.js" from ["src"]...
notifying browser that file changed:  out/scheje_website/core.js
[32mSuccessfully compiled "out/scheje_repl.js" in 0.117 seconds.[0m
[0mCompiling "out/scheje_repl.js" from ["src"]...
notifying browser that file changed:  out/scheje_website/core.js
[32mSuccessfully compiled "out/scheje_repl.js" in 0.255 seconds.[0m
[0mCompiling "out/scheje_repl.js" from ["src"]...
notifying browser that file changed:  out/scheje_website/core.js
[32mSuccessfully compiled "out/scheje_repl.js" in 0.086 seconds.[0m
[0mCompiling "out/scheje_repl.js" from ["src"]...
notifying browser that file changed:  out/scheje_website/core.js
[32mSuccessfully compiled "out/scheje_repl.js" in 0.164 seconds.[0m
[0mCompiling "out/scheje_repl.js" from ["src"]...
notifying browser that file changed:  out/scheje_website/core.js
[32mSuccessfully compiled "out/scheje_repl.js" in 0.103 seconds.[0m
[0mCompiling "out/scheje_repl.js" from ["src"]...
WARNING: Use of undeclared Var scheje-website.core/alert at line 24 src/scheje_website/core.cljs
notifying browser that file changed:  out/scheje_website/core.js
[32mSuccessfully compiled "out/scheje_repl.js" in 0.129 seconds.[0m
[0mCompiling "out/scheje_repl.js" from ["src"]...
notifying browser that file changed:  out/scheje_website/core.js
[32mSuccessfully compiled "out/scheje_repl.js" in 0.11 seconds.[0m
[0mCompiling "out/scheje_repl.js" from ["src"]...
notifying browser that file changed:  out/scheje_website/core.js
[32mSuccessfully compiled "out/scheje_repl.js" in 0.119 seconds.[0m
[0mCompiling "out/scheje_repl.js" from ["src"]...
notifying browser that file changed:  out/scheje_website/core.js
[32mSuccessfully compiled "out/scheje_repl.js" in 0.091 seconds.[0m
[0mCompiling "out/scheje_repl.js" from ["src"]...
notifying browser that file changed:  out/scheje_website/core.js
[32mSuccessfully compiled "out/scheje_repl.js" in 0.129 seconds.[0m
[0mCompiling "out/scheje_repl.js" from ["src"]...
notifying browser that file changed:  out/scheje_website/core.js
[32mSuccessfully compiled "out/scheje_repl.js" in 0.155 seconds.[0m
[0mCompiling "out/scheje_repl.js" from ["src"]...
notifying browser that file changed:  out/scheje_website/core.js
[32mSuccessfully compiled "out/scheje_repl.js" in 0.09 seconds.[0m
[0mCompiling "out/scheje_repl.js" from ["src"]...
notifying browser that file changed:  out/scheje_website/core.js
[32mSuccessfully compiled "out/scheje_repl.js" in 0.109 seconds.[0m
[0mCompiling "out/scheje_repl.js" from ["src"]...
notifying browser that file changed:  out/scheje_website/core.js
[32mSuccessfully compiled "out/scheje_repl.js" in 0.109 seconds.[0m
[0mCompiling "out/scheje_repl.js" from ["src"]...
notifying browser that file changed:  out/scheje_website/core.js
[32mSuccessfully compiled "out/scheje_repl.js" in 0.093 seconds.[0m
[0mCompiling "out/scheje_repl.js" from ["src"]...
notifying browser that file changed:  out/cljs_deps.js
notifying browser that file changed:  out/scheje_website/expression.js
[32mSuccessfully compiled "out/scheje_repl.js" in 1.172 seconds.[0m
[0mCompiling "out/scheje_repl.js" from ["src"]...
notifying browser that file changed:  out/goog/deps.js
notifying browser that file changed:  out/cljs_deps.js
notifying browser that file changed:  out/scheje_website/core.js
[32mSuccessfully compiled "out/scheje_repl.js" in 0.233 seconds.[0m
[0mCompiling "out/scheje_repl.js" from ["src"]...
notifying browser that file changed:  out/scheje_website/core.js
[32mSuccessfully compiled "out/scheje_repl.js" in 0.15 seconds.[0m
[0mCompiling "out/scheje_repl.js" from ["src"]...
notifying browser that file changed:  out/scheje_website/core.js
[32mSuccessfully compiled "out/scheje_repl.js" in 0.188 seconds.[0m
[0mCompiling "out/scheje_repl.js" from ["src"]...
notifying browser that file changed:  out/scheje_website/core.js
[32mSuccessfully compiled "out/scheje_repl.js" in 0.151 seconds.[0m
[0mCompiling "out/scheje_repl.js" from ["src"]...
notifying browser that file changed:  out/scheje_website/core.js
[32mSuccessfully compiled "out/scheje_repl.js" in 0.163 seconds.[0m
[0mCompiling "out/scheje_repl.js" from ["src"]...
notifying browser that file changed:  out/scheje_website/core.js
[32mSuccessfully compiled "out/scheje_repl.js" in 0.146 seconds.[0m
[0mCompiling "out/scheje_repl.js" from ["src"]...
WARNING: Use of undeclared Var scheje-website.core/eval-prog-with-env! at line 32 /home/rafik/work/scheje-website/src/scheje_website/core.cljs
notifying browser that file changed:  out/scheje_website/core.js
[32mSuccessfully compiled "out/scheje_repl.js" in 0.184 seconds.[0m
[0mCompiling "out/scheje_repl.js" from ["src"]...
WARNING: Use of undeclared Var scheje-website.core/eval-prog-with-env! at line 32 /home/rafik/work/scheje-website/src/scheje_website/core.cljs
notifying browser that file changed:  out/scheje_website/core.js
[32mSuccessfully compiled "out/scheje_repl.js" in 0.15 seconds.[0m
[0mCompiling "out/scheje_repl.js" from ["src"]...
notifying browser that file changed:  out/scheje_website/core.js
[32mSuccessfully compiled "out/scheje_repl.js" in 0.12 seconds.[0m
[0mCompiling "out/scheje_repl.js" from ["src"]...
notifying browser that file changed:  out/scheje_website/core.js
[32mSuccessfully compiled "out/scheje_repl.js" in 0.158 seconds.[0m
[0mCompiling "out/scheje_repl.js" from ["src"]...
notifying browser that file changed:  out/scheje_website/core.js
[32mSuccessfully compiled "out/scheje_repl.js" in 0.51 seconds.[0m
[0mCompiling "out/scheje_repl.js" from ["src"]...
notifying browser that file changed:  out/cljs_deps.js
notifying browser that file changed:  out/scheje_website/core.js
[32mSuccessfully compiled "out/scheje_repl.js" in 0.146 seconds.[0m
[0mCompiling "out/scheje_repl.js" from ["src"]...
notifying browser that file changed:  out/scheje_website/core.js
[32mSuccessfully compiled "out/scheje_repl.js" in 0.16 seconds.[0m
[0mCompiling "out/scheje_repl.js" from ["src"]...
WARNING: Wrong number of args (2) passed to cljs.core/count at line 37 /home/rafik/work/scheje-website/src/scheje_website/core.cljs
WARNING: Use of undeclared Var scheje-website.core/sexps at line 37 /home/rafik/work/scheje-website/src/scheje_website/core.cljs
WARNING: Use of undeclared Var scheje-website.core/sexps at line 38 /home/rafik/work/scheje-website/src/scheje_website/core.cljs
notifying browser that file changed:  out/scheje_website/core.js
[32mSuccessfully compiled "out/scheje_repl.js" in 0.22 seconds.[0m
[0mCompiling "out/scheje_repl.js" from ["src"]...
WARNING: Wrong number of args (2) passed to cljs.core/count at line 37 /home/rafik/work/scheje-website/src/scheje_website/core.cljs
WARNING: Use of undeclared Var scheje-website.core/sexps at line 37 /home/rafik/work/scheje-website/src/scheje_website/core.cljs
WARNING: Use of undeclared Var scheje-website.core/sexps at line 38 /home/rafik/work/scheje-website/src/scheje_website/core.cljs
notifying browser that file changed:  out/scheje_website/core.js
[32mSuccessfully compiled "out/scheje_repl.js" in 0.158 seconds.[0m
[0mCompiling "out/scheje_repl.js" from ["src"]...
WARNING: Use of undeclared Var scheje-website.core/sexps at line 37 /home/rafik/work/scheje-website/src/scheje_website/core.cljs
WARNING: Use of undeclared Var scheje-website.core/sexps at line 38 /home/rafik/work/scheje-website/src/scheje_website/core.cljs
notifying browser that file changed:  out/scheje_website/core.js
[32mSuccessfully compiled "out/scheje_repl.js" in 0.178 seconds.[0m
[0mCompiling "out/scheje_repl.js" from ["src"]...
WARNING: Use of undeclared Var scheje-website.core/sexps at line 37 /home/rafik/work/scheje-website/src/scheje_website/core.cljs
WARNING: Use of undeclared Var scheje-website.core/sexps at line 38 /home/rafik/work/scheje-website/src/scheje_website/core.cljs
notifying browser that file changed:  out/scheje_website/core.js
[32mSuccessfully compiled "out/scheje_repl.js" in 0.189 seconds.[0m
[0mCompiling "out/scheje_repl.js" from ["src"]...
notifying browser that file changed:  out/scheje_website/core.js
[32mSuccessfully compiled "out/scheje_repl.js" in 0.174 seconds.[0m
[0mCompiling "out/scheje_repl.js" from ["src"]...
notifying browser that file changed:  out/scheje_website/core.js
[32mSuccessfully compiled "out/scheje_repl.js" in 0.258 seconds.[0m
[0mCompiling "out/scheje_repl.js" from ["src"]...
notifying browser that file changed:  out/scheje_website/core.js
[32mSuccessfully compiled "out/scheje_repl.js" in 0.12 seconds.[0m
[0mCompiling "out/scheje_repl.js" from ["src"]...
notifying browser that file changed:  out/scheje_website/core.js
[32mSuccessfully compiled "out/scheje_repl.js" in 0.147 seconds.[0m
[0mCompiling "out/scheje_repl.js" from ["src"]...
notifying browser that file changed:  out/scheje_website/core.js
[32mSuccessfully compiled "out/scheje_repl.js" in 0.171 seconds.[0m
[0mCompiling "out/scheje_repl.js" from ["src"]...
notifying browser that file changed:  out/scheje_website/core.js
[32mSuccessfully compiled "out/scheje_repl.js" in 0.142 seconds.[0m
[0mCompiling "out/scheje_repl.js" from ["src"]...
notifying browser that file changed:  out/scheje_website/core.js
[32mSuccessfully compiled "out/scheje_repl.js" in 0.121 seconds.[0m
[0mCompiling "out/scheje_repl.js" from ["src"]...
notifying browser that file changed:  out/scheje_website/core.js
[32mSuccessfully compiled "out/scheje_repl.js" in 0.141 seconds.[0m
[0mCompiling "out/scheje_repl.js" from ["src"]...
notifying browser that file changed:  out/scheje_website/core.js
[32mSuccessfully compiled "out/scheje_repl.js" in 0.155 seconds.[0m
[0mCompiling "out/scheje_repl.js" from ["src"]...
notifying browser that file changed:  out/scheje_website/core.js
[32mSuccessfully compiled "out/scheje_repl.js" in 0.135 seconds.[0m
[0mCompiling "out/scheje_repl.js" from ["src"]...
notifying browser that file changed:  out/scheje_website/core.js
[32mSuccessfully compiled "out/scheje_repl.js" in 0.131 seconds.[0m
[0mCompiling "out/scheje_repl.js" from ["src"]...
notifying browser that file changed:  out/scheje_website/core.js
[32mSuccessfully compiled "out/scheje_repl.js" in 0.121 seconds.[0m
[0mCompiling "out/scheje_repl.js" from ["src"]...
notifying browser that file changed:  out/cljs_deps.js
notifying browser that file changed:  out/scheje_website/core.js
[32mSuccessfully compiled "out/scheje_repl.js" in 0.124 seconds.[0m
[0mCompiling "out/scheje_repl.js" from ["src"]...
notifying browser that file changed:  out/scheje_website/core.js
[32mSuccessfully compiled "out/scheje_repl.js" in 0.135 seconds.[0m
[0mCompiling "out/scheje_repl.js" from ["src"]...
notifying browser that file changed:  out/scheje_website/core.js
[32mSuccessfully compiled "out/scheje_repl.js" in 0.128 seconds.[0m
[0mCompiling "out/scheje_repl.js" from ["src"]...
notifying browser that file changed:  out/scheje_website/core.js
[32mSuccessfully compiled "out/scheje_repl.js" in 0.182 seconds.[0m
[0mCompiling "out/scheje_repl.js" from ["src"]...
notifying browser that file changed:  out/scheje_website/core.js
[32mSuccessfully compiled "out/scheje_repl.js" in 0.124 seconds.[0m
[0mCompiling "out/scheje_repl.js" from ["src"]...
notifying browser that file changed:  out/scheje_website/core.js
[32mSuccessfully compiled "out/scheje_repl.js" in 0.175 seconds.[0m
[0mCompiling "out/scheje_repl.js" from ["src"]...
notifying browser that file changed:  out/scheje_website/core.js
[32mSuccessfully compiled "out/scheje_repl.js" in 0.135 seconds.[0m
[0mCompiling "out/scheje_repl.js" from ["src"]...
notifying browser that file changed:  out/scheje_website/core.js
[32mSuccessfully compiled "out/scheje_repl.js" in 0.176 seconds.[0m
[0mCompiling "out/scheje_repl.js" from ["src"]...
notifying browser that file changed:  out/scheje_website/core.js
[32mSuccessfully compiled "out/scheje_repl.js" in 0.138 seconds.[0m
[0mCompiling "out/scheje_repl.js" from ["src"]...
notifying browser that file changed:  out/scheje_website/core.js
[32mSuccessfully compiled "out/scheje_repl.js" in 0.121 seconds.[0m
[0mCompiling "out/scheje_repl.js" from ["src"]...
notifying browser that file changed:  out/scheje_website/core.js
[32mSuccessfully compiled "out/scheje_repl.js" in 0.123 seconds.[0m
[0mCompiling "out/scheje_repl.js" from ["src"]...
notifying browser that file changed:  out/goog/deps.js
notifying browser that file changed:  out/cljs_deps.js
notifying browser that file changed:  out/scheje_website/core.js
[32mSuccessfully compiled "out/scheje_repl.js" in 0.28 seconds.[0m
[0mCompiling "out/scheje_repl.js" from ["src"]...
notifying browser that file changed:  out/goog/deps.js
notifying browser that file changed:  out/cljs_deps.js
notifying browser that file changed:  out/scheje_website/core.js
[32mSuccessfully compiled "out/scheje_repl.js" in 0.232 seconds.[0m
[0mCompiling "out/scheje_repl.js" from ["src"]...
notifying browser that file changed:  out/scheje_website/core.js
[32mSuccessfully compiled "out/scheje_repl.js" in 0.142 seconds.[0m
[0mCompiling "out/scheje_repl.js" from ["src"]...
WARNING: Use of undeclared Var scheje-website.core/evaling at line 25 src/scheje_website/core.cljs
notifying browser that file changed:  out/scheje_website/core.js
[32mSuccessfully compiled "out/scheje_repl.js" in 0.212 seconds.[0m
[0mCompiling "out/scheje_repl.js" from ["src"]...
notifying browser that file changed:  out/scheje_website/core.js
[32mSuccessfully compiled "out/scheje_repl.js" in 0.145 seconds.[0m
[0mCompiling "out/scheje_repl.js" from ["src"]...
notifying browser that file changed:  out/scheje_website/core.js
[32mSuccessfully compiled "out/scheje_repl.js" in 0.188 seconds.[0m
[0mCompiling "out/scheje_repl.js" from ["src"]...
notifying browser that file changed:  out/scheje_website/core.js
[32mSuccessfully compiled "out/scheje_repl.js" in 0.159 seconds.[0m
[0mCompiling "out/scheje_repl.js" from ["src"]...
notifying browser that file changed:  out/scheje_website/expression.js
[32mSuccessfully compiled "out/scheje_repl.js" in 0.245 seconds.[0m
[0mCompiling "out/scheje_repl.js" from ["src"]...
notifying browser that file changed:  out/scheje_website/expression.js
[32mSuccessfully compiled "out/scheje_repl.js" in 0.115 seconds.[0m
[0mCompiling "out/scheje_repl.js" from ["src"]...
notifying browser that file changed:  out/goog/deps.js
notifying browser that file changed:  out/cljs_deps.js
notifying browser that file changed:  out/scheje_website/core.js
[32mSuccessfully compiled "out/scheje_repl.js" in 0.371 seconds.[0m
[0mCompiling "out/scheje_repl.js" from ["src"]...
notifying browser that file changed:  out/scheje_website/core.js
[32mSuccessfully compiled "out/scheje_repl.js" in 0.192 seconds.[0m
[0mCompiling "out/scheje_repl.js" from ["src"]...
notifying browser that file changed:  out/scheje_website/core.js
[32mSuccessfully compiled "out/scheje_repl.js" in 0.18 seconds.[0m
[0mCompiling "out/scheje_repl.js" from ["src"]...
notifying browser that file changed:  out/goog/deps.js
notifying browser that file changed:  out/cljs_deps.js
notifying browser that file changed:  out/scheje_website/core.js
[32mSuccessfully compiled "out/scheje_repl.js" in 0.299 seconds.[0m
[0mCompiling "out/scheje_repl.js" from ["src"]...
notifying browser that file changed:  out/scheje_website/core.js
[32mSuccessfully compiled "out/scheje_repl.js" in 0.131 seconds.[0m
[0mCompiling "out/scheje_repl.js" from ["src"]...
[31mCompiling "out/scheje_repl.js" failed.
[0mERROR: Unmatched delimiter ] on file /home/rafik/work/scheje-website/src/scheje_website/core.cljs, line 28, column 67
[32mSuccessfully compiled "out/scheje_repl.js" in 0.102 seconds.[0m
[0mCompiling "out/scheje_repl.js" from ["src"]...
notifying browser that file changed:  out/goog/deps.js
notifying browser that file changed:  out/cljs_deps.js
notifying browser that file changed:  out/scheje_website/core.js
[32mSuccessfully compiled "out/scheje_repl.js" in 0.224 seconds.[0m
[0mCompiling "out/scheje_repl.js" from ["src"]...
notifying browser that file changed:  out/scheje_website/core.js
[32mSuccessfully compiled "out/scheje_repl.js" in 0.147 seconds.[0m
[0mCompiling "out/scheje_repl.js" from ["src"]...
notifying browser that file changed:  out/scheje_website/core.js
[32mSuccessfully compiled "out/scheje_repl.js" in 0.194 seconds.[0m
[0mCompiling "out/scheje_repl.js" from ["src"]...
notifying browser that file changed:  out/scheje_website/core.js
[32mSuccessfully compiled "out/scheje_repl.js" in 0.173 seconds.[0m
[0mCompiling "out/scheje_repl.js" from ["src"]...
notifying browser that file changed:  out/scheje_website/core.js
[32mSuccessfully compiled "out/scheje_repl.js" in 0.163 seconds.[0m
[0mCompiling "out/scheje_repl.js" from ["src"]...
notifying browser that file changed:  out/scheje_website/core.js
[32mSuccessfully compiled "out/scheje_repl.js" in 0.167 seconds.[0m
[0mCompiling "out/scheje_repl.js" from ["src"]...
[31mCompiling "out/scheje_repl.js" failed.
[0mERROR: EOF while reading, starting at line 23 and column 1 on file /home/rafik/work/scheje-website/src/scheje_website/core.cljs, line 54, column 1
[32mSuccessfully compiled "out/scheje_repl.js" in 0.083 seconds.[0m
[0mCompiling "out/scheje_repl.js" from ["src"]...
[31mCompiling "out/scheje_repl.js" failed.
[0mERROR: EOF while reading, starting at line 23 and column 1 on file /home/rafik/work/scheje-website/src/scheje_website/core.cljs, line 54, column 1
[32mSuccessfully compiled "out/scheje_repl.js" in 0.084 seconds.[0m
[0mCompiling "out/scheje_repl.js" from ["src"]...
[31mCompiling "out/scheje_repl.js" failed.
[0mERROR: EOF while reading, starting at line 23 and column 1 on file /home/rafik/work/scheje-website/src/scheje_website/core.cljs, line 54, column 1
[32mSuccessfully compiled "out/scheje_repl.js" in 0.091 seconds.[0m
[0mCompiling "out/scheje_repl.js" from ["src"]...
notifying browser that file changed:  out/scheje_website/core.js
[32mSuccessfully compiled "out/scheje_repl.js" in 0.129 seconds.[0m
